<?xml version="1.0" encoding="UTF-8"?>
<!-- Generated by org.testng.reporters.JUnitReportReporter -->
<testsuite hostname="LAPTOP-GE2A44N2" failures="0" tests="3" name="TestNG.DependsOnMethodsTest" time="0.006" errors="0" timestamp="2024-11-06T12:45:39 IST" skipped="0">
  <testcase classname="TestNG.DependsOnMethodsTest" name="updateProfileTest" time="0.003"/>
  <system-out>
    <![CDATA[update profile]]>
  </system-out>
  <testcase classname="TestNG.DependsOnMethodsTest" name="loginTest" time="0.001"/>
  <system-out>
    <![CDATA[login to app]]>
  </system-out>
  <testcase classname="TestNG.DependsOnMethodsTest" name="registrationTest" time="0.002"/>
  <system-out>
    <![CDATA[Register to app]]>
  </system-out>
</testsuite> <!-- TestNG.DependsOnMethodsTest -->
