<?xml version="1.0" encoding="UTF-8"?>
<!-- Generated by org.testng.reporters.JUnitReportReporter -->
<testsuite hostname="LAPTOP-GE2A44N2" failures="0" tests="2" name="DistributedParallel.TEst1" time="0.010" errors="0" timestamp="2024-11-06T12:49:08 IST" skipped="0">
  <testcase classname="DistributedParallel.TEst1" name="demo1" time="0.009"/>
  <system-out/>
  <testcase classname="DistributedParallel.TEst1" name="demo2" time="0.001"/>
  <system-out/>
</testsuite> <!-- DistributedParallel.TEst1 -->
