<?xml version="1.0" encoding="UTF-8"?>
<!-- Generated by org.testng.reporters.JUnitReportReporter -->
<testsuite hostname="LAPTOP-GE2A44N2" failures="0" tests="2" name="TestNG.EnableTest" time="0.005" errors="0" timestamp="2024-11-06T12:45:39 IST" skipped="1">
  <testcase classname="TestNG.EnableTest" name="demo3" time="0.005"/>
  <system-out>
    <![CDATA[demo3]]>
  </system-out>
  <testcase classname="TestNG.EnableTest" name="demo1">
    <skipped/>
  </testcase> <!-- demo1 -->
  <system-out/>
</testsuite> <!-- TestNG.EnableTest -->
