<?xml version="1.0" encoding="UTF-8"?>
<!-- Generated by org.testng.reporters.JUnitReportReporter -->
<testsuite hostname="LAPTOP-GE2A44N2" failures="0" tests="9" name="TestNG.InnovationCount1" time="0.012" errors="0" timestamp="2024-11-06T12:45:39 IST" skipped="0">
  <testcase classname="TestNG.InnovationCount1" name="demo3" time="0.002"/>
  <system-out>
    <![CDATA[demo3]]>
  </system-out>
  <testcase classname="TestNG.InnovationCount1" name="demo1" time="0.001"/>
  <system-out>
    <![CDATA[demo1]]>
  </system-out>
  <testcase classname="TestNG.InnovationCount1" name="demo1" time="0.001"/>
  <system-out>
    <![CDATA[demo1]]>
  </system-out>
  <testcase classname="TestNG.InnovationCount1" name="demo1" time="0.001"/>
  <system-out>
    <![CDATA[demo1]]>
  </system-out>
  <testcase classname="TestNG.InnovationCount1" name="demo1" time="0.002"/>
  <system-out>
    <![CDATA[demo1]]>
  </system-out>
  <testcase classname="TestNG.InnovationCount1" name="demo3" time="0.001"/>
  <system-out>
    <![CDATA[demo3]]>
  </system-out>
  <testcase classname="TestNG.InnovationCount1" name="demo3" time="0.000"/>
  <system-out>
    <![CDATA[demo3]]>
  </system-out>
  <testcase classname="TestNG.InnovationCount1" name="demo3" time="0.003"/>
  <system-out>
    <![CDATA[demo3]]>
  </system-out>
  <testcase classname="TestNG.InnovationCount1" name="demo3" time="0.001"/>
  <system-out>
    <![CDATA[demo3]]>
  </system-out>
</testsuite> <!-- TestNG.InnovationCount1 -->
