<?xml version="1.0" encoding="UTF-8"?>
<!-- Generated by org.testng.reporters.JUnitReportReporter -->
<testsuite hostname="LAPTOP-GE2A44N2" failures="0" tests="1" name="TestNG.SampleTest" time="0.001" errors="0" timestamp="2024-11-06T12:45:39 IST" skipped="0">
  <testcase classname="TestNG.SampleTest" name="demo" time="0.001"/>
  <system-out>
    <![CDATA[Hello World]]>
  </system-out>
</testsuite> <!-- TestNG.SampleTest -->
