<?xml version="1.0" encoding="UTF-8"?>
<!-- Generated by org.testng.reporters.JUnitReportReporter -->
<testsuite hostname="LAPTOP-GE2A44N2" failures="0" tests="3" name="DistributedParallel.TestClass2" time="17.899" errors="0" timestamp="2024-11-06T13:45:11 IST" skipped="0">
  <testcase classname="DistributedParallel.TestClass2" name="swiggyTest" time="2.749"/>
  <system-out/>
  <testcase classname="DistributedParallel.TestClass2" name="swiggyTest" time="11.935"/>
  <system-out/>
  <testcase classname="DistributedParallel.TestClass2" name="swiggyTest" time="3.215"/>
  <system-out/>
</testsuite> <!-- DistributedParallel.TestClass2 -->
