<?xml version="1.0" encoding="UTF-8"?>
<!-- Generated by org.testng.reporters.JUnitReportReporter -->
<testsuite hostname="LAPTOP-GE2A44N2" failures="0" tests="1" name="TestNG.TestClass" time="0.003" errors="0" timestamp="2024-11-06T12:45:39 IST" skipped="0">
  <testcase classname="TestNG.TestClass" name="testMethod" time="0.003"/>
  <system-out>
    <![CDATA[@Test]]>
  </system-out>
</testsuite> <!-- TestNG.TestClass -->
