<?xml version="1.0" encoding="UTF-8"?>
<!-- Generated by org.testng.reporters.JUnitReportReporter -->
<testsuite hostname="LAPTOP-GE2A44N2" failures="0" tests="4" name="TestNG.DataProviderslogin" time="26.773" errors="0" timestamp="2024-11-09T11:55:34 IST" skipped="0">
  <testcase classname="TestNG.DataProviderslogin" name="loginTest" time="6.297"/>
  <system-out/>
  <testcase classname="TestNG.DataProviderslogin" name="loginTest" time="5.113"/>
  <system-out/>
  <testcase classname="TestNG.DataProviderslogin" name="loginTest" time="5.382"/>
  <system-out/>
  <testcase classname="TestNG.DataProviderslogin" name="loginTest" time="9.981"/>
  <system-out/>
</testsuite> <!-- TestNG.DataProviderslogin -->
