<?xml version="1.0" encoding="UTF-8"?>
<!-- Generated by org.testng.reporters.JUnitReportReporter -->
<testsuite hostname="LAPTOP-GE2A44N2" failures="0" tests="3" name="DistributedParallel.TestClass" time="15.983" errors="0" timestamp="2024-11-06T13:45:11 IST" skipped="0">
  <testcase classname="DistributedParallel.TestClass" name="googleTest" time="7.447"/>
  <system-out/>
  <testcase classname="DistributedParallel.TestClass" name="googleTest" time="4.712"/>
  <system-out/>
  <testcase classname="DistributedParallel.TestClass" name="googleTest" time="3.824"/>
  <system-out/>
</testsuite> <!-- DistributedParallel.TestClass -->
